<?xml version="1.0" encoding="utf-8"?><testsuites><testsuite name="pytest" errors="0" failures="0" skipped="0" tests="16" time="0.069" timestamp="2022-03-29T16:59:50.334567" hostname="LAPTOP-03BSV9C1"><testcase classname="test_Calculator" name="test_add[3-2-5]" time="0.001" /><testcase classname="test_Calculator" name="test_add[10-12-22]" time="0.001" /><testcase classname="test_Calculator" name="test_add[2-5-7]" time="0.001" /><testcase classname="test_Calculator" name="test_add[7-8-15]" time="0.002" /><testcase classname="test_Calculator" name="test_subtract[3-2-1]" time="0.001" /><testcase classname="test_Calculator" name="test_subtract[12-11-1]" time="0.001" /><testcase classname="test_Calculator" name="test_subtract[12-5-7]" time="0.001" /><testcase classname="test_Calculator" name="test_subtract[11-5-6]" time="0.001" /><testcase classname="test_Calculator" name="test_multiply[3-2-6]" time="0.001" /><testcase classname="test_Calculator" name="test_multiply[1-12-12]" time="0.001" /><testcase classname="test_Calculator" name="test_multiply[2-5-10]" time="0.001" /><testcase classname="test_Calculator" name="test_multiply[7-8-56]" time="0.001" /><testcase classname="test_Calculator" name="test_divide[10-2-5]" time="0.001" /><testcase classname="test_Calculator" name="test_divide[10-5-2]" time="0.001" /><testcase classname="test_Calculator" name="test_divide[2-1-2]" time="0.001" /><testcase classname="test_Calculator" name="test_divide[14-2-7]" time="0.001" /></testsuite></testsuites>